#
# A fatal error has been detected by the Java Runtime Environment:
#
#  EXCEPTION_ACCESS_VIOLATION (0xc0000005) at pc=0x000000005240f30b, pid=10848, tid=0x0000000000002118
#
# JRE version: Java(TM) SE Runtime Environment (8.0_201-b09) (build 1.8.0_201-b09)
# Java VM: Java HotSpot(TM) 64-Bit Server VM (25.201-b09 mixed mode windows-amd64 compressed oops)
# Problematic frame:
# V  [jvm.dll+0x14f30b]
#
# Failed to write core dump. Minidumps are not enabled by default on client versions of Windows
#
# If you would like to submit a bug report, please visit:
#   http://bugreport.java.com/bugreport/crash.jsp
#

---------------  T H R E A D  ---------------

Current thread (0x00000000024a3000):  JavaThread "main" [_thread_in_vm, id=8472, stack(0x00000000022a0000,0x00000000023a0000)]

siginfo: ExceptionCode=0xc0000005, reading address 0x0000000000000000

Registers:
RAX=0x0000000000000000, RBX=0x00000000024a3000, RCX=0x00000000024a3000, RDX=0x00000000eb462af0
RSP=0x000000000239f3a0, RBP=0x000000000239f4a8, RSI=0x0000000000000000, RDI=0x00000000024a31f8
R8 =0x0000000000000000, R9 =0x000000000239f4a8, R10=0x00000000024a3000, R11=0x0000000000000000
R12=0x0000000014b57aa8, R13=0x000000000239f5b0, R14=0x00000000024a31f8, R15=0x0000000000005500
RIP=0x000000005240f30b, EFLAGS=0x0000000000010246

Top of Stack: (sp=0x000000000239f3a0)
0x000000000239f3a0:   00007ff858b73228 0000000000000000
0x000000000239f3b0:   0000000000000000 0000000000000000
0x000000000239f3c0:   0000000000000000 000000005253ec8e
0x000000000239f3d0:   000000000239f430 00000000024ebae0
0x000000000239f3e0:   00007ff858b73228 0000000002501fb0
0x000000000239f3f0:   00000000024a3000 0000000000a3ed50
0x000000000239f400:   000000000000064d 00000000528cb530
0x000000000239f410:   00000000024a31f8 0000000000000004
0x000000000239f420:   0000000000000000 00007ff85c90ca26
0x000000000239f430:   00000000024a3000 0000000000a3ed50
0x000000000239f440:   000000000000064d 00000000528cb530
0x000000000239f450:   0000000000537df0 00007ff858b7105c
0x000000000239f460:   0000000000000000 0000000000000003
0x000000000239f470:   0000000000000000 000000000239f5a8
0x000000000239f480:   0000000000000000 00007ff858b711b0
0x000000000239f490:   0000000014b57a90 000000000239f5a8 

Instructions: (pc=0x000000005240f30b)
0x000000005240f2eb:   00 48 83 7b 08 00 48 89 5c 24 50 48 c7 44 24 58
0x000000005240f2fb:   00 00 00 00 74 0a 48 8d 4c 24 50 e8 05 f9 12 00
0x000000005240f30b:   48 8b 06 c7 44 24 40 07 00 00 00 48 8d 4c 24 70
0x000000005240f31b:   48 8b 50 08 0f b7 42 24 48 8b 52 08 48 8b 54 c2 


Register to memory mapping:

RAX=0x0000000000000000 is an unknown value
RBX=0x00000000024a3000 is a thread
RCX=0x00000000024a3000 is a thread
RDX=0x00000000eb462af0 is an oop
java.lang.NoSuchMethodError 
 - klass: 'java/lang/NoSuchMethodError'
RSP=0x000000000239f3a0 is pointing into the stack for thread: 0x00000000024a3000
RBP=0x000000000239f4a8 is pointing into the stack for thread: 0x00000000024a3000
RSI=0x0000000000000000 is an unknown value
RDI=0x00000000024a31f8 is an unknown value
R8 =0x0000000000000000 is an unknown value
R9 =0x000000000239f4a8 is pointing into the stack for thread: 0x00000000024a3000
R10=0x00000000024a3000 is a thread
R11=0x0000000000000000 is an unknown value
R12=0x0000000014b57aa8 is an unknown value
R13=0x000000000239f5b0 is pointing into the stack for thread: 0x00000000024a3000
R14=0x00000000024a31f8 is an unknown value
R15=0x0000000000005500 is an unknown value


Stack: [0x00000000022a0000,0x00000000023a0000],  sp=0x000000000239f3a0,  free space=1020k
Native frames: (J=compiled Java code, j=interpreted, Vv=VM code, C=native code)
V  [jvm.dll+0x14f30b]
C  [ScalarLib.dll+0x105c]  JNIEnv_::CallDoubleMethod+0x1c
C  [ScalarLib.dll+0x11b0]  Java_JNI_multi01+0x140
C  0x00000000025b8c67

Java frames: (J=compiled Java code, j=interpreted, Vv=VM code)
j  JNI.multi01([Ljava/lang/Double;[Ljava/lang/Double;)Ljava/lang/Double;+0
j  Main.main([Ljava/lang/String;)V+83
v  ~StubRoutines::call_stub

---------------  P R O C E S S  ---------------

Java Threads: ( => current thread )
  0x00000000162ad000 JavaThread "Service Thread" daemon [_thread_blocked, id=10068, stack(0x00000000169f0000,0x0000000016af0000)]
  0x0000000014bd7800 JavaThread "C1 CompilerThread2" daemon [_thread_blocked, id=6520, stack(0x00000000168f0000,0x00000000169f0000)]
  0x0000000014bd7000 JavaThread "C2 CompilerThread1" daemon [_thread_blocked, id=10588, stack(0x00000000167f0000,0x00000000168f0000)]
  0x0000000014bd4000 JavaThread "C2 CompilerThread0" daemon [_thread_blocked, id=5524, stack(0x00000000166f0000,0x00000000167f0000)]
  0x0000000016233000 JavaThread "Monitor Ctrl-Break" daemon [_thread_in_native, id=10272, stack(0x00000000165f0000,0x00000000166f0000)]
  0x0000000014b96800 JavaThread "Attach Listener" daemon [_thread_blocked, id=6612, stack(0x00000000160f0000,0x00000000161f0000)]
  0x0000000014b94800 JavaThread "Signal Dispatcher" daemon [_thread_blocked, id=14912, stack(0x0000000015ff0000,0x00000000160f0000)]
  0x000000000259b800 JavaThread "Finalizer" daemon [_thread_blocked, id=11072, stack(0x0000000015de0000,0x0000000015ee0000)]
  0x0000000002593000 JavaThread "Reference Handler" daemon [_thread_blocked, id=5380, stack(0x0000000015ce0000,0x0000000015de0000)]
=>0x00000000024a3000 JavaThread "main" [_thread_in_vm, id=8472, stack(0x00000000022a0000,0x00000000023a0000)]

Other Threads:
  0x0000000014b57000 VMThread [stack: 0x0000000015be0000,0x0000000015ce0000] [id=6280]
  0x00000000162ce800 WatcherThread [stack: 0x0000000016c50000,0x0000000016d50000] [id=9580]

VM state:not at safepoint (normal execution)

VM Mutex/Monitor currently owned by a thread: None

heap address: 0x00000000c1800000, size: 1000 MB, Compressed Oops mode: 32-bit
Narrow klass base: 0x0000000000000000, Narrow klass shift: 3
Compressed class space size: 1073741824 Address: 0x0000000100000000

Heap:
 PSYoungGen      total 18944K, used 2962K [0x00000000eb300000, 0x00000000ec800000, 0x0000000100000000)
  eden space 16384K, 18% used [0x00000000eb300000,0x00000000eb5e4af0,0x00000000ec300000)
  from space 2560K, 0% used [0x00000000ec580000,0x00000000ec580000,0x00000000ec800000)
  to   space 2560K, 0% used [0x00000000ec300000,0x00000000ec300000,0x00000000ec580000)
 ParOldGen       total 44032K, used 0K [0x00000000c1800000, 0x00000000c4300000, 0x00000000eb300000)
  object space 44032K, 0% used [0x00000000c1800000,0x00000000c1800000,0x00000000c4300000)
 Metaspace       used 3627K, capacity 4540K, committed 4864K, reserved 1056768K
  class space    used 404K, capacity 428K, committed 512K, reserved 1048576K

Card table byte_map: [0x0000000011960000,0x0000000011b60000] byte_map_base: 0x0000000011354000

Marking Bits: (ParMarkBitMap*) 0x0000000052ae4ce0
 Begin Bits: [0x00000000120b0000, 0x0000000013050000)
 End Bits:   [0x0000000013050000, 0x0000000013ff0000)

Polling page: 0x00000000001e0000

CodeCache: size=245760Kb used=1223Kb max_used=1236Kb free=244536Kb
 bounds [0x00000000025a0000, 0x0000000002810000, 0x00000000115a0000]
 total_blobs=336 nmethods=73 adapters=176
 compilation: enabled

Compilation events (10 events):
Event: 3.344 Thread 0x0000000014bd7800   65       1       java.util.LinkedHashMap::removeEldestEntry (2 bytes)
Event: 3.344 Thread 0x0000000014bd7800 nmethod 65 0x00000000026cc790 code [0x00000000026cc8e0, 0x00000000026cc9f0]
Event: 3.344 Thread 0x0000000014bd7800   68       3       java.util.LinkedHashMap::linkNodeLast (33 bytes)
Event: 3.344 Thread 0x0000000014bd7800 nmethod 68 0x00000000026cec90 code [0x00000000026cee00, 0x00000000026cf010]
Event: 3.344 Thread 0x0000000014bd7800   69       3       java.util.LinkedHashMap::afterNodeInsertion (40 bytes)
Event: 3.345 Thread 0x0000000014bd7800 nmethod 69 0x00000000026ce450 code [0x00000000026ce5e0, 0x00000000026ceb08]
Event: 3.345 Thread 0x0000000014bd7800   66       3       java.util.LinkedHashMap::newNode (23 bytes)
Event: 3.345 Thread 0x0000000014bd7800 nmethod 66 0x00000000026cfd10 code [0x00000000026cfea0, 0x00000000026d02d0]
Event: 3.345 Thread 0x0000000014bd7800   67       3       java.util.LinkedHashMap$Entry::<init> (10 bytes)
Event: 3.346 Thread 0x0000000014bd7800 nmethod 67 0x00000000026d0510 code [0x00000000026d0680, 0x00000000026d08d0]

GC Heap History (0 events):
No events

Deoptimization events (0 events):
No events

Classes redefined (0 events):
No events

Internal exceptions (8 events):
Event: 0.107 Thread 0x00000000024a3000 Exception <a 'java/lang/NoSuchMethodError': Method sun.misc.Unsafe.defineClass(Ljava/lang/String;[BII)Ljava/lang/Class; name or signature does not match> (0x00000000eb307cb0) thrown at [C:\re\workspace\8-2-build-windows-amd64-cygwin\jdk8u201\12322\hotspot
Event: 0.107 Thread 0x00000000024a3000 Exception <a 'java/lang/NoSuchMethodError': Method sun.misc.Unsafe.prefetchRead(Ljava/lang/Object;J)V name or signature does not match> (0x00000000eb307f98) thrown at [C:\re\workspace\8-2-build-windows-amd64-cygwin\jdk8u201\12322\hotspot\src\share\vm\prim
Event: 3.283 Thread 0x00000000024a3000 Exception <a 'java/io/FileNotFoundException'> (0x00000000eb4560f0) thrown at [C:\re\workspace\8-2-build-windows-amd64-cygwin\jdk8u201\12322\hotspot\src\share\vm\prims\jni.cpp, line 709]
Event: 3.330 Thread 0x0000000014b96800 Exception <a 'java/security/PrivilegedActionException'> (0x00000000eb56c000) thrown at [C:\re\workspace\8-2-build-windows-amd64-cygwin\jdk8u201\12322\hotspot\src\share\vm\prims\jvm.cpp, line 1502]
Event: 3.330 Thread 0x0000000014b96800 Exception <a 'java/security/PrivilegedActionException'> (0x00000000eb56c3f8) thrown at [C:\re\workspace\8-2-build-windows-amd64-cygwin\jdk8u201\12322\hotspot\src\share\vm\prims\jvm.cpp, line 1502]
Event: 3.332 Thread 0x0000000014b96800 Exception <a 'java/security/PrivilegedActionException'> (0x00000000eb5704f0) thrown at [C:\re\workspace\8-2-build-windows-amd64-cygwin\jdk8u201\12322\hotspot\src\share\vm\prims\jvm.cpp, line 1502]
Event: 3.332 Thread 0x0000000014b96800 Exception <a 'java/security/PrivilegedActionException'> (0x00000000eb5708e8) thrown at [C:\re\workspace\8-2-build-windows-amd64-cygwin\jdk8u201\12322\hotspot\src\share\vm\prims\jvm.cpp, line 1502]
Event: 3.356 Thread 0x00000000024a3000 Exception <a 'java/lang/NoSuchMethodError': doubleValue> (0x00000000eb462af0) thrown at [C:\re\workspace\8-2-build-windows-amd64-cygwin\jdk8u201\12322\hotspot\src\share\vm\prims\jni.cpp, line 1613]

Events (10 events):
Event: 3.341 loading class sun/util/resources/TimeZoneNamesBundle done
Event: 3.341 loading class sun/util/resources/TimeZoneNames done
Event: 3.341 loading class java/util/ResourceBundle$BundleReference
Event: 3.341 loading class java/util/ResourceBundle$BundleReference done
Event: 3.341 loading class sun/util/resources/en/TimeZoneNames_en
Event: 3.341 loading class sun/util/resources/en/TimeZoneNames_en done
Event: 3.342 loading class java/util/LinkedHashMap$LinkedKeySet
Event: 3.342 loading class java/util/LinkedHashMap$LinkedKeySet done
Event: 3.344 loading class sun/util/locale/provider/LocaleResources$ResourceReference
Event: 3.345 loading class sun/util/locale/provider/LocaleResources$ResourceReference done


Dynamic libraries:
0x00007ff61f640000 - 0x00007ff61f677000 	C:\Program Files\Java\jdk1.8.0_201\bin\java.exe
0x00007ff85fe40000 - 0x00007ff86002d000 	C:\Windows\SYSTEM32\ntdll.dll
0x00007ff85e780000 - 0x00007ff85e833000 	C:\Windows\System32\KERNEL32.DLL
0x00007ff85bf10000 - 0x00007ff85c1a3000 	C:\Windows\System32\KERNELBASE.dll
0x00007ff85f870000 - 0x00007ff85f913000 	C:\Windows\System32\ADVAPI32.dll
0x00007ff85fc00000 - 0x00007ff85fc9e000 	C:\Windows\System32\msvcrt.dll
0x00007ff85e560000 - 0x00007ff85e5fe000 	C:\Windows\System32\sechost.dll
0x00007ff85f040000 - 0x00007ff85f162000 	C:\Windows\System32\RPCRT4.dll
0x00007ff85f6d0000 - 0x00007ff85f867000 	C:\Windows\System32\USER32.dll
0x00007ff85caf0000 - 0x00007ff85cb10000 	C:\Windows\System32\win32u.dll
0x00007ff85f170000 - 0x00007ff85f199000 	C:\Windows\System32\GDI32.dll
0x00007ff85ced0000 - 0x00007ff85d06a000 	C:\Windows\System32\gdi32full.dll
0x00007ff85ca50000 - 0x00007ff85caf0000 	C:\Windows\System32\msvcp_win.dll
0x00007ff85c900000 - 0x00007ff85c9fa000 	C:\Windows\System32\ucrtbase.dll
0x00007ff848af0000 - 0x00007ff848d69000 	C:\Windows\WinSxS\amd64_microsoft.windows.common-controls_6595b64144ccf1df_6.0.17763.379_none_05b83be8071c94a1\COMCTL32.dll
0x00007ff85ed10000 - 0x00007ff85f03d000 	C:\Windows\System32\combase.dll
0x00007ff85cb10000 - 0x00007ff85cb8e000 	C:\Windows\System32\bcryptPrimitives.dll
0x00007ff85fa70000 - 0x00007ff85fa9e000 	C:\Windows\System32\IMM32.DLL
0x0000000052b70000 - 0x0000000052c41000 	C:\Program Files\Java\jdk1.8.0_201\jre\bin\msvcr100.dll
0x00000000522c0000 - 0x0000000052b64000 	C:\Program Files\Java\jdk1.8.0_201\jre\bin\server\jvm.dll
0x00007ff85fcd0000 - 0x00007ff85fcd8000 	C:\Windows\System32\PSAPI.DLL
0x00007ff848e70000 - 0x00007ff848e79000 	C:\Windows\SYSTEM32\WSOCK32.dll
0x00007ff85fa00000 - 0x00007ff85fa6d000 	C:\Windows\System32\WS2_32.dll
0x00007ff855690000 - 0x00007ff8556b4000 	C:\Windows\SYSTEM32\WINMM.dll
0x00007ff850f20000 - 0x00007ff850f2a000 	C:\Windows\SYSTEM32\VERSION.dll
0x00007ff855660000 - 0x00007ff85568d000 	C:\Windows\SYSTEM32\WINMMBASE.dll
0x00007ff85ca00000 - 0x00007ff85ca4a000 	C:\Windows\System32\cfgmgr32.dll
0x00007ff858b80000 - 0x00007ff858b8f000 	C:\Program Files\Java\jdk1.8.0_201\jre\bin\verify.dll
0x00007ff841c20000 - 0x00007ff841c49000 	C:\Program Files\Java\jdk1.8.0_201\jre\bin\java.dll
0x00007ff8280e0000 - 0x00007ff828103000 	C:\Program Files\Java\jdk1.8.0_201\jre\bin\instrument.dll
0x00007ff855070000 - 0x00007ff855086000 	C:\Program Files\Java\jdk1.8.0_201\jre\bin\zip.dll
0x00007ff85d070000 - 0x00007ff85e560000 	C:\Windows\System32\SHELL32.dll
0x00007ff85f620000 - 0x00007ff85f6c8000 	C:\Windows\System32\shcore.dll
0x00007ff85c1b0000 - 0x00007ff85c8fa000 	C:\Windows\System32\windows.storage.dll
0x00007ff85be60000 - 0x00007ff85be84000 	C:\Windows\System32\profapi.dll
0x00007ff85be90000 - 0x00007ff85beed000 	C:\Windows\System32\powrprof.dll
0x00007ff85fd50000 - 0x00007ff85fda2000 	C:\Windows\System32\shlwapi.dll
0x00007ff85bef0000 - 0x00007ff85bf01000 	C:\Windows\System32\kernel.appcore.dll
0x00007ff85ceb0000 - 0x00007ff85cec7000 	C:\Windows\System32\cryptsp.dll
0x00007ff83c190000 - 0x00007ff83c1aa000 	D:\JetBrains\IntelliJ IDEA 2018.3.1\bin\breakgen64.dll
0x00007ff8506b0000 - 0x00007ff8506ca000 	C:\Program Files\Java\jdk1.8.0_201\jre\bin\net.dll
0x00007ff84fc00000 - 0x00007ff84fdd6000 	C:\Windows\SYSTEM32\urlmon.dll
0x00007ff84f950000 - 0x00007ff84fbf8000 	C:\Windows\SYSTEM32\iertutil.dll
0x00007ff85b7f0000 - 0x00007ff85b7fc000 	C:\Windows\SYSTEM32\CRYPTBASE.DLL
0x00007ff85b670000 - 0x00007ff85b6d7000 	C:\Windows\system32\mswsock.dll
0x00007ff858b70000 - 0x00007ff858b79000 	C:\Windows\System32\ScalarLib.dll
0x00007ff84c710000 - 0x00007ff84c725000 	C:\Windows\SYSTEM32\VCRUNTIME140.dll
0x00007ff8493a0000 - 0x00007ff84958d000 	C:\Windows\SYSTEM32\dbghelp.dll

VM Arguments:
jvm_args: -javaagent:D:\JetBrains\IntelliJ IDEA 2018.3.1\lib\idea_rt.jar=59205:D:\JetBrains\IntelliJ IDEA 2018.3.1\bin -Dfile.encoding=UTF-8 
java_command: Main
java_class_path (initial): C:\Program Files\Java\jdk1.8.0_201\jre\lib\charsets.jar;C:\Program Files\Java\jdk1.8.0_201\jre\lib\deploy.jar;C:\Program Files\Java\jdk1.8.0_201\jre\lib\ext\access-bridge-64.jar;C:\Program Files\Java\jdk1.8.0_201\jre\lib\ext\cldrdata.jar;C:\Program Files\Java\jdk1.8.0_201\jre\lib\ext\dnsns.jar;C:\Program Files\Java\jdk1.8.0_201\jre\lib\ext\jaccess.jar;C:\Program Files\Java\jdk1.8.0_201\jre\lib\ext\jfxrt.jar;C:\Program Files\Java\jdk1.8.0_201\jre\lib\ext\localedata.jar;C:\Program Files\Java\jdk1.8.0_201\jre\lib\ext\nashorn.jar;C:\Program Files\Java\jdk1.8.0_201\jre\lib\ext\sunec.jar;C:\Program Files\Java\jdk1.8.0_201\jre\lib\ext\sunjce_provider.jar;C:\Program Files\Java\jdk1.8.0_201\jre\lib\ext\sunmscapi.jar;C:\Program Files\Java\jdk1.8.0_201\jre\lib\ext\sunpkcs11.jar;C:\Program Files\Java\jdk1.8.0_201\jre\lib\ext\zipfs.jar;C:\Program Files\Java\jdk1.8.0_201\jre\lib\javaws.jar;C:\Program Files\Java\jdk1.8.0_201\jre\lib\jce.jar;C:\Program Files\Java\jdk1.8.0_201\jre\lib\jfr.jar;C:\Program Files\Java\jdk1.8.0_201\jre\lib\jfxswt.jar;C:\Program Files\Java\jdk1.8.0_201\jre\lib\jsse.jar;C:\Program Files\Java\jdk1.8.0_201\jre\lib\management-agent.jar;C:\Program Files\Java\jdk1.8.0_201\jre\lib\plugin.jar;C:\Program Files\Java\jdk1.8.0_201\jre\lib\resources.jar;C:\Program Files\Java\jdk1.8.0_201\jre\lib\rt.jar;D:\Uczelnia\Java\lab05\out\production\lab05;D:\JetBrains\IntelliJ IDEA 2018.3.1\lib\idea_rt.jar
Launcher Type: SUN_STANDARD

Environment Variables:
PATH=C:\Program Files (x86)\Common Files\Oracle\Java\javapath;C:\Program Files\Java\jdk1.8.0_201\bin;C:\ProgramData\DockerDesktop\version-bin;C:\Program Files\Docker\Docker\Resources\bin;C:\Program Files (x86)\Microsoft SDKs\Azure\CLI2\wbin;C:\Windows\system32;C:\Windows;C:\Windows\System32\Wbem;C:\Windows\System32\WindowsPowerShell\v1.0\;C:\Windows\System32\OpenSSH\;C:\Program Files\dotnet\;D:\Program Files\Git\cmd;C:\Program Files (x86)\dotnet\;C:\ProgramData\chocolatey\bin;C:\Program Files\Java\jdk1.8.0_201\bin;C:\Users\barte\AppData\Local\Microsoft\WindowsApps;C:\Users\barte\AppData\Local\Microsoft\WindowsApps;D:\Microsoft VS Code\bin;C:\Users\barte\.dotnet\tools;
USERNAME=barte
OS=Windows_NT
PROCESSOR_IDENTIFIER=Intel64 Family 6 Model 42 Stepping 7, GenuineIntel



---------------  S Y S T E M  ---------------

OS: Windows 10.0 , 64 bit Build 17763 (10.0.17763.379)

CPU:total 4 (initial active 4) (2 cores per cpu, 2 threads per core) family 6 model 42 stepping 7, cmov, cx8, fxsr, mmx, sse, sse2, sse3, ssse3, sse4.1, sse4.2, popcnt, avx, aes, clmul, ht, tsc, tscinvbit

Memory: 4k page, physical 4088880k(538056k free), swap 12838488k(4316476k free)

vm_info: Java HotSpot(TM) 64-Bit Server VM (25.201-b09) for windows-amd64 JRE (1.8.0_201-b09), built on Dec 15 2018 18:36:39 by "java_re" with MS VC++ 10.0 (VS2010)

time: Fri Mar 29 19:25:21 2019
timezone: Œrodkowoeuropejski czas stand.
elapsed time: 3 seconds (0d 0h 0m 3s)

